<?xml version="1.0" encoding="UTF-8"?>
<!-- Generated by org.testng.reporters.JUnitXMLReporter -->
<testsuite hostname="jb-5f-d079" name="ConcurPortal" tests="1" failures="1" timestamp="22 Dec 2015 06:05:44 GMT" time="104.496" errors="0">
  <testcase name="main" time="104.473" classname="scripts.com.concur.concurportal">
    <failure type="org.openqa.selenium.WebDriverException" message="Failed to connect to binary FirefoxBinary(C:\Program Files (x86)\Mozilla Firefox\firefox.exe) on port 7055; process output follows: 
NISH_~1\AppData\Local\Temp\anonymous8591602888686886938webdriver-profile\extensions\fxdriver@googlecode.com
1450764302657	addons.xpi	DEBUG	Ignoring file entry whose name is not a valid add-on ID: C:\Users\ANISH_~1\AppData\Local\Temp\anonymous8591602888686886938webdriver-profile\extensions\webdriver-staging
1450764302657	addons.xpi	INFO	SystemAddonInstallLocation directory is missing
1450764302659	addons.xpi	INFO	Mapping {972ce4c6-7e08-4474-a285-3208198ce6fd} to C:\Program Files (x86)\Mozilla Firefox\browser\extensions\{972ce4c6-7e08-4474-a285-3208198ce6fd}
1450764302659	addons.xpi	DEBUG	Skipping unavailable install location app-system-share
1450764302660	addons.xpi	DEBUG	Skipping unavailable install location app-system-local
1450764302660	addons.xpi	DEBUG	checkForChanges
1450764302661	addons.xpi	DEBUG	Loaded add-on state from prefs: {&amp;quot;app-profile&amp;quot;:{&amp;quot;fxdriver@googlecode.com&amp;quot;:{&amp;quot;d&amp;quot;:&amp;quot;C:\\Users\\ANISH_~1\\AppData\\Local\\Temp\\anonymous8591602888686886938webdriver-profile\\extensions\\fxdriver@googlecode.com&amp;quot;,&amp;quot;e&amp;quot;:false,&amp;quot;v&amp;quot;:&amp;quot;2.45.0&amp;quot;,&amp;quot;st&amp;quot;:1450764258419,&amp;quot;mt&amp;quot;:1450764257254}},&amp;quot;app-global&amp;quot;:{&amp;quot;{972ce4c6-7e08-4474-a285-3208198ce6fd}&amp;quot;:{&amp;quot;d&amp;quot;:&amp;quot;C:\\Program Files (x86)\\Mozilla Firefox\\browser\\extensions\\{972ce4c6-7e08-4474-a285-3208198ce6fd}&amp;quot;,&amp;quot;e&amp;quot;:true,&amp;quot;v&amp;quot;:&amp;quot;43.0.1&amp;quot;,&amp;quot;st&amp;quot;:1450468601590,&amp;quot;mt&amp;quot;:1450468601075}}}
1450764302662	addons.xpi	DEBUG	Existing add-on fxdriver@googlecode.com in app-profile
1450764302663	addons.xpi	DEBUG	getModTime: Recursive scan of {972ce4c6-7e08-4474-a285-3208198ce6fd}
1450764302664	addons.xpi	DEBUG	Existing add-on {972ce4c6-7e08-4474-a285-3208198ce6fd} in app-global
1450764302664	addons.xpi	DEBUG	getInstallState changed: false, state: {&amp;quot;app-profile&amp;quot;:{&amp;quot;fxdriver@googlecode.com&amp;quot;:{&amp;quot;d&amp;quot;:&amp;quot;C:\\Users\\ANISH_~1\\AppData\\Local\\Temp\\anonymous8591602888686886938webdriver-profile\\extensions\\fxdriver@googlecode.com&amp;quot;,&amp;quot;e&amp;quot;:false,&amp;quot;v&amp;quot;:&amp;quot;2.45.0&amp;quot;,&amp;quot;st&amp;quot;:1450764258419,&amp;quot;mt&amp;quot;:1450764257254}},&amp;quot;app-global&amp;quot;:{&amp;quot;{972ce4c6-7e08-4474-a285-3208198ce6fd}&amp;quot;:{&amp;quot;d&amp;quot;:&amp;quot;C:\\Program Files (x86)\\Mozilla Firefox\\browser\\extensions\\{972ce4c6-7e08-4474-a285-3208198ce6fd}&amp;quot;,&amp;quot;e&amp;quot;:true,&amp;quot;v&amp;quot;:&amp;quot;43.0.1&amp;quot;,&amp;quot;st&amp;quot;:1450468601590,&amp;quot;mt&amp;quot;:1450468601075}}}
1450764302666	addons.xpi	DEBUG	No changes found
1450764302675	addons.manager	DEBUG	Registering shutdown blocker for XPIProvider
1450764302676	addons.manager	DEBUG	Provider finished startup: XPIProvider
1450764302676	addons.manager	DEBUG	Starting provider: LightweightThemeManager
1450764302676	addons.manager	DEBUG	Registering shutdown blocker for LightweightThemeManager
1450764302676	addons.manager	DEBUG	Provider finished startup: LightweightThemeManager
1450764302677	addons.manager	DEBUG	Starting provider: GMPProvider
1450764302683	addons.manager	DEBUG	Registering shutdown blocker for GMPProvider
1450764302684	addons.manager	DEBUG	Provider finished startup: GMPProvider
1450764302684	addons.manager	DEBUG	Starting provider: PluginProvider
1450764302684	addons.manager	DEBUG	Registering shutdown blocker for PluginProvider
1450764302684	addons.manager	DEBUG	Provider finished startup: PluginProvider
1450764302685	addons.manager	DEBUG	Completed startup sequence
1450764302751	addons.xpi-utils	DEBUG	Starting async load of XPI database C:\Users\ANISH_~1\AppData\Local\Temp\anonymous8591602888686886938webdriver-profile\extensions.json
*** Blocklist::_loadBlocklistFromFile: blocklist is disabled
1450764302923	addons.manager	DEBUG	Starting provider: &amp;lt;unnamed-provider&amp;gt;
1450764302923	addons.manager	DEBUG	Registering shutdown blocker for &amp;lt;unnamed-provider&amp;gt;
1450764302924	addons.manager	DEBUG	Provider finished startup: &amp;lt;unnamed-provider&amp;gt;
1450764303016	addons.xpi-utils	DEBUG	Async JSON file read took 0 MS
1450764303016	addons.xpi-utils	DEBUG	Finished async read of XPI database, parsing...
1450764303017	addons.xpi-utils	DEBUG	Successfully read XPI database
1450764303111	addons.manager	DEBUG	Starting provider: PreviousExperimentProvider
1450764303111	addons.manager	DEBUG	Registering shutdown blocker for PreviousExperimentProvider
1450764303112	addons.manager	DEBUG	Provider finished startup: PreviousExperimentProvider

Build info: version: &amp;apos;2.45.0&amp;apos;, revision: &amp;apos;32a636c&amp;apos;, time: &amp;apos;2015-03-05 22:01:35&amp;apos;
System info: host: &amp;apos;jb-5f-d079&amp;apos;, ip: &amp;apos;10.11.20.156&amp;apos;, os.name: &amp;apos;Windows 8&amp;apos;, os.arch: &amp;apos;amd64&amp;apos;, os.version: &amp;apos;6.2&amp;apos;, java.version: &amp;apos;1.8.0_60&amp;apos;
Driver info: driver.version: FirefoxDriver">
      <![CDATA[org.openqa.selenium.WebDriverException: Failed to connect to binary FirefoxBinary(C:\Program Files (x86)\Mozilla Firefox\firefox.exe) on port 7055; process output follows: 
NISH_~1\AppData\Local\Temp\anonymous8591602888686886938webdriver-profile\extensions\fxdriver@googlecode.com
1450764302657	addons.xpi	DEBUG	Ignoring file entry whose name is not a valid add-on ID: C:\Users\ANISH_~1\AppData\Local\Temp\anonymous8591602888686886938webdriver-profile\extensions\webdriver-staging
1450764302657	addons.xpi	INFO	SystemAddonInstallLocation directory is missing
1450764302659	addons.xpi	INFO	Mapping {972ce4c6-7e08-4474-a285-3208198ce6fd} to C:\Program Files (x86)\Mozilla Firefox\browser\extensions\{972ce4c6-7e08-4474-a285-3208198ce6fd}
1450764302659	addons.xpi	DEBUG	Skipping unavailable install location app-system-share
1450764302660	addons.xpi	DEBUG	Skipping unavailable install location app-system-local
1450764302660	addons.xpi	DEBUG	checkForChanges
1450764302661	addons.xpi	DEBUG	Loaded add-on state from prefs: {"app-profile":{"fxdriver@googlecode.com":{"d":"C:\\Users\\ANISH_~1\\AppData\\Local\\Temp\\anonymous8591602888686886938webdriver-profile\\extensions\\fxdriver@googlecode.com","e":false,"v":"2.45.0","st":1450764258419,"mt":1450764257254}},"app-global":{"{972ce4c6-7e08-4474-a285-3208198ce6fd}":{"d":"C:\\Program Files (x86)\\Mozilla Firefox\\browser\\extensions\\{972ce4c6-7e08-4474-a285-3208198ce6fd}","e":true,"v":"43.0.1","st":1450468601590,"mt":1450468601075}}}
1450764302662	addons.xpi	DEBUG	Existing add-on fxdriver@googlecode.com in app-profile
1450764302663	addons.xpi	DEBUG	getModTime: Recursive scan of {972ce4c6-7e08-4474-a285-3208198ce6fd}
1450764302664	addons.xpi	DEBUG	Existing add-on {972ce4c6-7e08-4474-a285-3208198ce6fd} in app-global
1450764302664	addons.xpi	DEBUG	getInstallState changed: false, state: {"app-profile":{"fxdriver@googlecode.com":{"d":"C:\\Users\\ANISH_~1\\AppData\\Local\\Temp\\anonymous8591602888686886938webdriver-profile\\extensions\\fxdriver@googlecode.com","e":false,"v":"2.45.0","st":1450764258419,"mt":1450764257254}},"app-global":{"{972ce4c6-7e08-4474-a285-3208198ce6fd}":{"d":"C:\\Program Files (x86)\\Mozilla Firefox\\browser\\extensions\\{972ce4c6-7e08-4474-a285-3208198ce6fd}","e":true,"v":"43.0.1","st":1450468601590,"mt":1450468601075}}}
1450764302666	addons.xpi	DEBUG	No changes found
1450764302675	addons.manager	DEBUG	Registering shutdown blocker for XPIProvider
1450764302676	addons.manager	DEBUG	Provider finished startup: XPIProvider
1450764302676	addons.manager	DEBUG	Starting provider: LightweightThemeManager
1450764302676	addons.manager	DEBUG	Registering shutdown blocker for LightweightThemeManager
1450764302676	addons.manager	DEBUG	Provider finished startup: LightweightThemeManager
1450764302677	addons.manager	DEBUG	Starting provider: GMPProvider
1450764302683	addons.manager	DEBUG	Registering shutdown blocker for GMPProvider
1450764302684	addons.manager	DEBUG	Provider finished startup: GMPProvider
1450764302684	addons.manager	DEBUG	Starting provider: PluginProvider
1450764302684	addons.manager	DEBUG	Registering shutdown blocker for PluginProvider
1450764302684	addons.manager	DEBUG	Provider finished startup: PluginProvider
1450764302685	addons.manager	DEBUG	Completed startup sequence
1450764302751	addons.xpi-utils	DEBUG	Starting async load of XPI database C:\Users\ANISH_~1\AppData\Local\Temp\anonymous8591602888686886938webdriver-profile\extensions.json
*** Blocklist::_loadBlocklistFromFile: blocklist is disabled
1450764302923	addons.manager	DEBUG	Starting provider: <unnamed-provider>
1450764302923	addons.manager	DEBUG	Registering shutdown blocker for <unnamed-provider>
1450764302924	addons.manager	DEBUG	Provider finished startup: <unnamed-provider>
1450764303016	addons.xpi-utils	DEBUG	Async JSON file read took 0 MS
1450764303016	addons.xpi-utils	DEBUG	Finished async read of XPI database, parsing...
1450764303017	addons.xpi-utils	DEBUG	Successfully read XPI database
1450764303111	addons.manager	DEBUG	Starting provider: PreviousExperimentProvider
1450764303111	addons.manager	DEBUG	Registering shutdown blocker for PreviousExperimentProvider
1450764303112	addons.manager	DEBUG	Provider finished startup: PreviousExperimentProvider

Build info: version: '2.45.0', revision: '32a636c', time: '2015-03-05 22:01:35'
System info: host: 'jb-5f-d079', ip: '10.11.20.156', os.name: 'Windows 8', os.arch: 'amd64', os.version: '6.2', java.version: '1.8.0_60'
Driver info: driver.version: FirefoxDriver
	at org.openqa.selenium.firefox.internal.NewProfileExtensionConnection.start(NewProfileExtensionConnection.java:130)
	at org.openqa.selenium.firefox.FirefoxDriver.startClient(FirefoxDriver.java:246)
	at org.openqa.selenium.remote.RemoteWebDriver.<init>(RemoteWebDriver.java:114)
	at org.openqa.selenium.firefox.FirefoxDriver.<init>(FirefoxDriver.java:193)
	at org.openqa.selenium.firefox.FirefoxDriver.<init>(FirefoxDriver.java:186)
	at org.openqa.selenium.firefox.FirefoxDriver.<init>(FirefoxDriver.java:182)
	at org.openqa.selenium.firefox.FirefoxDriver.<init>(FirefoxDriver.java:95)
	at scripts.com.concur.concurportal.main(concurportal.java:33)
Caused by: org.openqa.selenium.firefox.NotConnectedException: Unable to connect to host 127.0.0.1 on port 7055 after 45000 ms. Firefox console output:
NISH_~1\AppData\Local\Temp\anonymous8591602888686886938webdriver-profile\extensions\fxdriver@googlecode.com
1450764302657	addons.xpi	DEBUG	Ignoring file entry whose name is not a valid add-on ID: C:\Users\ANISH_~1\AppData\Local\Temp\anonymous8591602888686886938webdriver-profile\extensions\webdriver-staging
1450764302657	addons.xpi	INFO	SystemAddonInstallLocation directory is missing
1450764302659	addons.xpi	INFO	Mapping {972ce4c6-7e08-4474-a285-3208198ce6fd} to C:\Program Files (x86)\Mozilla Firefox\browser\extensions\{972ce4c6-7e08-4474-a285-3208198ce6fd}
1450764302659	addons.xpi	DEBUG	Skipping unavailable install location app-system-share
1450764302660	addons.xpi	DEBUG	Skipping unavailable install location app-system-local
1450764302660	addons.xpi	DEBUG	checkForChanges
1450764302661	addons.xpi	DEBUG	Loaded add-on state from prefs: {"app-profile":{"fxdriver@googlecode.com":{"d":"C:\\Users\\ANISH_~1\\AppData\\Local\\Temp\\anonymous8591602888686886938webdriver-profile\\extensions\\fxdriver@googlecode.com","e":false,"v":"2.45.0","st":1450764258419,"mt":1450764257254}},"app-global":{"{972ce4c6-7e08-4474-a285-3208198ce6fd}":{"d":"C:\\Program Files (x86)\\Mozilla Firefox\\browser\\extensions\\{972ce4c6-7e08-4474-a285-3208198ce6fd}","e":true,"v":"43.0.1","st":1450468601590,"mt":1450468601075}}}
1450764302662	addons.xpi	DEBUG	Existing add-on fxdriver@googlecode.com in app-profile
1450764302663	addons.xpi	DEBUG	getModTime: Recursive scan of {972ce4c6-7e08-4474-a285-3208198ce6fd}
1450764302664	addons.xpi	DEBUG	Existing add-on {972ce4c6-7e08-4474-a285-3208198ce6fd} in app-global
1450764302664	addons.xpi	DEBUG	getInstallState changed: false, state: {"app-profile":{"fxdriver@googlecode.com":{"d":"C:\\Users\\ANISH_~1\\AppData\\Local\\Temp\\anonymous8591602888686886938webdriver-profile\\extensions\\fxdriver@googlecode.com","e":false,"v":"2.45.0","st":1450764258419,"mt":1450764257254}},"app-global":{"{972ce4c6-7e08-4474-a285-3208198ce6fd}":{"d":"C:\\Program Files (x86)\\Mozilla Firefox\\browser\\extensions\\{972ce4c6-7e08-4474-a285-3208198ce6fd}","e":true,"v":"43.0.1","st":1450468601590,"mt":1450468601075}}}
1450764302666	addons.xpi	DEBUG	No changes found
1450764302675	addons.manager	DEBUG	Registering shutdown blocker for XPIProvider
1450764302676	addons.manager	DEBUG	Provider finished startup: XPIProvider
1450764302676	addons.manager	DEBUG	Starting provider: LightweightThemeManager
1450764302676	addons.manager	DEBUG	Registering shutdown blocker for LightweightThemeManager
1450764302676	addons.manager	DEBUG	Provider finished startup: LightweightThemeManager
1450764302677	addons.manager	DEBUG	Starting provider: GMPProvider
1450764302683	addons.manager	DEBUG	Registering shutdown blocker for GMPProvider
1450764302684	addons.manager	DEBUG	Provider finished startup: GMPProvider
1450764302684	addons.manager	DEBUG	Starting provider: PluginProvider
1450764302684	addons.manager	DEBUG	Registering shutdown blocker for PluginProvider
1450764302684	addons.manager	DEBUG	Provider finished startup: PluginProvider
1450764302685	addons.manager	DEBUG	Completed startup sequence
1450764302751	addons.xpi-utils	DEBUG	Starting async load of XPI database C:\Users\ANISH_~1\AppData\Local\Temp\anonymous8591602888686886938webdriver-profile\extensions.json
*** Blocklist::_loadBlocklistFromFile: blocklist is disabled
1450764302923	addons.manager	DEBUG	Starting provider: <unnamed-provider>
1450764302923	addons.manager	DEBUG	Registering shutdown blocker for <unnamed-provider>
1450764302924	addons.manager	DEBUG	Provider finished startup: <unnamed-provider>
1450764303016	addons.xpi-utils	DEBUG	Async JSON file read took 0 MS
1450764303016	addons.xpi-utils	DEBUG	Finished async read of XPI database, parsing...
1450764303017	addons.xpi-utils	DEBUG	Successfully read XPI database
1450764303111	addons.manager	DEBUG	Starting provider: PreviousExperimentProvider
1450764303111	addons.manager	DEBUG	Registering shutdown blocker for PreviousExperimentProvider
1450764303112	addons.manager	DEBUG	Provider finished startup: PreviousExperimentProvider

	at org.openqa.selenium.firefox.internal.NewProfileExtensionConnection.start(NewProfileExtensionConnection.java:118)
	... 31 more
... Removed 24 stack frames]]>
    </failure>
  </testcase> <!-- main -->
</testsuite> <!-- ConcurPortal -->
